0 info it worked if it ends with ok
1 verbose cli [ 'C:\\Program Files\\nodejs\\node.exe',
1 verbose cli   'C:\\Program Files\\nodejs\\node_modules\\npm\\bin\\npm-cli.js',
1 verbose cli   'start' ]
2 info using npm@3.10.10
3 info using node@v6.9.5
4 verbose run-script [ 'prestart', 'start', 'poststart' ]
5 info lifecycle Broker@~prestart: Broker@
6 verbose stack Error: kill ENOSYS
6 verbose stack     at exports._errnoException (util.js:1022:11)
6 verbose stack     at process.kill (internal/process.js:172:13)
6 verbose stack     at process.listener (C:\Program Files\nodejs\node_modules\npm\node_modules\npmlog\node_modules\gauge\node_modules\signal-exit\index.js:86:15)
6 verbose stack     at emitNone (events.js:91:20)
6 verbose stack     at process.emit (events.js:185:7)
6 verbose stack     at processEmit (C:\Program Files\nodejs\node_modules\npm\node_modules\npmlog\node_modules\gauge\node_modules\signal-exit\index.js:146:32)
6 verbose stack     at processEmit (C:\Program Files\nodejs\node_modules\npm\node_modules\npm-registry-client\node_modules\npmlog\node_modules\gauge\node_modules\signal-exit\index.js:146:32)
6 verbose stack     at Signal.wrap.onsignal (internal/process.js:199:44)
7 verbose cwd C:\Users\alexb\Documents\GitHub\SocialTasklets\Teamproject\Broker
8 error Windows_NT 10.0.14393
9 error argv "C:\\Program Files\\nodejs\\node.exe" "C:\\Program Files\\nodejs\\node_modules\\npm\\bin\\npm-cli.js" "start"
10 error node v6.9.5
11 error npm  v3.10.10
12 error code ENOSYS
13 error errno ENOSYS
14 error syscall kill
15 error kill ENOSYS
16 error If you need help, you may report this error at:
16 error     <https://github.com/npm/npm/issues>
17 verbose exit [ 1, true ]
